Arguments: 
  /usr/local/bin/node /usr/local/bin/yarn add promise-aplus-test -g

PATH: 
  /usr/local/mongodb/bin:/usr/local/mongodb/bin:/Applications/anaconda3/bin:/Applications/anaconda3/condabin:/Users/baijiawei/Library/Application Support/GoodSync:/opt/local/bin:/opt/local/sbin:/Library/Frameworks/Python.framework/Versions/3.9/bin:/usr/local/bin:/usr/bin:/bin:/usr/sbin:/sbin:/Applications/VMware Fusion.app/Contents/Public:/Library/Apple/usr/bin:/Users/bobtang/.cargo/bin:/usr/local/mysql/bin:/usr/local/mysql/bin:/Users/bobtang/Documents/spiderlib/chromedriver:/Users/bobtang/Library/Android/sdk/platform-tools:/Users/bobtang/Library/Android/sdk:/Applications/Visual Studio Code.app/Contents/Resources/app/bin:/usr/local/mysql/bin:/Users/bobtang/documents/spiderlib/chromedriver:/usr/local/mongodb/bin

Yarn version: 
  1.22.10

Node version: 
  14.18.1

Platform: 
  darwin x64

Trace: 
  Error: http://registry.npm.taobao.org/promise-aplus-test: Not found
      at Request.params.callback [as _callback] (/usr/local/lib/node_modules/yarn/lib/cli.js:66988:18)
      at Request.self.callback (/usr/local/lib/node_modules/yarn/lib/cli.js:140662:22)
      at Request.emit (events.js:400:28)
      at Request.<anonymous> (/usr/local/lib/node_modules/yarn/lib/cli.js:141634:10)
      at Request.emit (events.js:400:28)
      at IncomingMessage.<anonymous> (/usr/local/lib/node_modules/yarn/lib/cli.js:141556:12)
      at Object.onceWrapper (events.js:519:28)
      at IncomingMessage.emit (events.js:412:35)
      at endReadableNT (internal/streams/readable.js:1334:12)
      at processTicksAndRejections (internal/process/task_queues.js:82:21)

npm manifest: 
  {
      "name": "promise-aplus",
      "version": "1.0.0",
      "description": "",
      "main": "./code/06-promise.js",
      "scripts": {
          "test": "promises-aplus-test ./code/06-promise.js"
      },
      "author": "",
      "license": "ISC",
      "dependencies": {
          "promise-aplus": "^1.0.0"
      }
  }

yarn manifest: 
  No manifest

Lockfile: 
  # THIS IS AN AUTOGENERATED FILE. DO NOT EDIT THIS FILE DIRECTLY.
  # yarn lockfile v1
  
  
  promise-aplus@^1.0.0:
    version "1.0.0"
    resolved "https://registry.npmmirror.com/promise-aplus/download/promise-aplus-1.0.0.tgz#2d7a6ba89a00838f1f1de597c8218da908727f17"
    integrity sha1-LXprqJoAg48fHeWXyCGNqQhyfxc=
